{"name": "# Enter the user details to get registered", "status": "broken", "statusDetails": {"message": "selenium.common.exceptions.NoSuchElementException: Message: no such element: Unable to locate element: {\"method\":\"xpath\",\"selector\":\"//div[@class='name_text_account']\"}\n  (Session info: chrome=138.0.7204.169); For documentation on this error, please visit: https://www.selenium.dev/documentation/webdriver/troubleshooting/errors#nosuchelementexception\nStacktrace:\n0   chromedriver                        0x00000001008ff570 cxxbridge1$str$ptr + 2731064\n1   chromedriver                        0x00000001008f7468 cxxbridge1$str$ptr + 2698032\n2   chromedriver                        0x00000001004463f8 cxxbridge1$string$len + 90664\n3   chromedriver                        0x000000010048d71c cxxbridge1$string$len + 382284\n4   chromedriver                        0x00000001004ceb1c cxxbridge1$string$len + 649548\n5   chromedriver                        0x0000000100481a0c cxxbridge1$string$len + 333884\n6   chromedriver                        0x00000001008c25f4 cxxbridge1$str$ptr + 2481340\n7   chromedriver                        0x00000001008c585c cxxbridge1$str$ptr + 2494244\n8   chromedriver                        0x00000001008a3248 cxxbridge1$str$ptr + 2353424\n9   chromedriver                        0x00000001008c6118 cxxbridge1$str$ptr + 2496480\n10  chromedriver                        0x00000001008942f8 cxxbridge1$str$ptr + 2292160\n11  chromedriver                        0x00000001008e600c cxxbridge1$str$ptr + 2627284\n12  chromedriver                        0x00000001008e6198 cxxbridge1$str$ptr + 2627680\n13  chromedriver                        0x00000001008f70a4 cxxbridge1$str$ptr + 2697068\n14  libsystem_pthread.dylib             0x0000000185efec0c _pthread_start + 136\n15  libsystem_pthread.dylib             0x0000000185ef9b80 thread_start + 8\n\n", "trace": "  File \"/Users/rekhagujalwar/Desktop/Careerist/Careerist Internship Project/.venv/lib/python3.13/site-packages/behave/model.py\", line 1329, in run\n    match.run(runner.context)\n    ~~~~~~~~~^^^^^^^^^^^^^^^^\n  File \"/Users/rekhagujalwar/Desktop/Careerist/Careerist Internship Project/.venv/lib/python3.13/site-packages/behave/matchers.py\", line 98, in run\n    self.func(context, *args, **kwargs)\n    ~~~~~~~~~^^^^^^^^^^^^^^^^^^^^^^^^^^\n  File \"features/steps/user_details_step_file.py\", line 22, in step_verify_user_reg_info\n    context.registration_page.verify_registration_form()\n    ~~~~~~~~~~~~~~~~~~~~~~~~~~~~~~~~~~~~~~~~~~~~~~~~~~^^\n  File \"/Users/rekhagujalwar/Desktop/Careerist/Careerist Internship Project/pages/registration_page.py\", line 59, in verify_registration_form\n    user_name_after_login = self.driver.find_element(*self.USER_NAME_AFTER_LOGIN).text\n                            ~~~~~~~~~~~~~~~~~~~~~~~~^^^^^^^^^^^^^^^^^^^^^^^^^^^^^\n  File \"/Users/rekhagujalwar/Desktop/Careerist/Careerist Internship Project/.venv/lib/python3.13/site-packages/selenium/webdriver/remote/webdriver.py\", line 922, in find_element\n    return self.execute(Command.FIND_ELEMENT, {\"using\": by, \"value\": value})[\"value\"]\n           ~~~~~~~~~~~~^^^^^^^^^^^^^^^^^^^^^^^^^^^^^^^^^^^^^^^^^^^^^^^^^^^^^\n  File \"/Users/rekhagujalwar/Desktop/Careerist/Careerist Internship Project/.venv/lib/python3.13/site-packages/selenium/webdriver/remote/webdriver.py\", line 454, in execute\n    self.error_handler.check_response(response)\n    ~~~~~~~~~~~~~~~~~~~~~~~~~~~~~~~~~^^^^^^^^^^\n  File \"/Users/rekhagujalwar/Desktop/Careerist/Careerist Internship Project/.venv/lib/python3.13/site-packages/selenium/webdriver/remote/errorhandler.py\", line 232, in check_response\n    raise exception_class(message, screen, stacktrace)\n"}, "steps": [{"name": "Given Open the Registration page", "status": "passed", "start": 1753491073155, "stop": 1753491074568}, {"name": "When Enter test Information in the registration form", "status": "passed", "start": 1753491074568, "stop": 1753491093461}, {"name": "Then Verify that the correct information is present", "status": "broken", "statusDetails": {"message": "selenium.common.exceptions.NoSuchElementException: Message: no such element: Unable to locate element: {\"method\":\"xpath\",\"selector\":\"//div[@class='name_text_account']\"}\n  (Session info: chrome=138.0.7204.169); For documentation on this error, please visit: https://www.selenium.dev/documentation/webdriver/troubleshooting/errors#nosuchelementexception\nStacktrace:\n0   chromedriver                        0x00000001008ff570 cxxbridge1$str$ptr + 2731064\n1   chromedriver                        0x00000001008f7468 cxxbridge1$str$ptr + 2698032\n2   chromedriver                        0x00000001004463f8 cxxbridge1$string$len + 90664\n3   chromedriver                        0x000000010048d71c cxxbridge1$string$len + 382284\n4   chromedriver                        0x00000001004ceb1c cxxbridge1$string$len + 649548\n5   chromedriver                        0x0000000100481a0c cxxbridge1$string$len + 333884\n6   chromedriver                        0x00000001008c25f4 cxxbridge1$str$ptr + 2481340\n7   chromedriver                        0x00000001008c585c cxxbridge1$str$ptr + 2494244\n8   chromedriver                        0x00000001008a3248 cxxbridge1$str$ptr + 2353424\n9   chromedriver                        0x00000001008c6118 cxxbridge1$str$ptr + 2496480\n10  chromedriver                        0x00000001008942f8 cxxbridge1$str$ptr + 2292160\n11  chromedriver                        0x00000001008e600c cxxbridge1$str$ptr + 2627284\n12  chromedriver                        0x00000001008e6198 cxxbridge1$str$ptr + 2627680\n13  chromedriver                        0x00000001008f70a4 cxxbridge1$str$ptr + 2697068\n14  libsystem_pthread.dylib             0x0000000185efec0c _pthread_start + 136\n15  libsystem_pthread.dylib             0x0000000185ef9b80 thread_start + 8\n\n", "trace": "  File \"/Users/rekhagujalwar/Desktop/Careerist/Careerist Internship Project/.venv/lib/python3.13/site-packages/behave/model.py\", line 1329, in run\n    match.run(runner.context)\n    ~~~~~~~~~^^^^^^^^^^^^^^^^\n  File \"/Users/rekhagujalwar/Desktop/Careerist/Careerist Internship Project/.venv/lib/python3.13/site-packages/behave/matchers.py\", line 98, in run\n    self.func(context, *args, **kwargs)\n    ~~~~~~~~~^^^^^^^^^^^^^^^^^^^^^^^^^^\n  File \"features/steps/user_details_step_file.py\", line 22, in step_verify_user_reg_info\n    context.registration_page.verify_registration_form()\n    ~~~~~~~~~~~~~~~~~~~~~~~~~~~~~~~~~~~~~~~~~~~~~~~~~~^^\n  File \"/Users/rekhagujalwar/Desktop/Careerist/Careerist Internship Project/pages/registration_page.py\", line 59, in verify_registration_form\n    user_name_after_login = self.driver.find_element(*self.USER_NAME_AFTER_LOGIN).text\n                            ~~~~~~~~~~~~~~~~~~~~~~~~^^^^^^^^^^^^^^^^^^^^^^^^^^^^^\n  File \"/Users/rekhagujalwar/Desktop/Careerist/Careerist Internship Project/.venv/lib/python3.13/site-packages/selenium/webdriver/remote/webdriver.py\", line 922, in find_element\n    return self.execute(Command.FIND_ELEMENT, {\"using\": by, \"value\": value})[\"value\"]\n           ~~~~~~~~~~~~^^^^^^^^^^^^^^^^^^^^^^^^^^^^^^^^^^^^^^^^^^^^^^^^^^^^^\n  File \"/Users/rekhagujalwar/Desktop/Careerist/Careerist Internship Project/.venv/lib/python3.13/site-packages/selenium/webdriver/remote/webdriver.py\", line 454, in execute\n    self.error_handler.check_response(response)\n    ~~~~~~~~~~~~~~~~~~~~~~~~~~~~~~~~~^^^^^^^^^^\n  File \"/Users/rekhagujalwar/Desktop/Careerist/Careerist Internship Project/.venv/lib/python3.13/site-packages/selenium/webdriver/remote/errorhandler.py\", line 232, in check_response\n    raise exception_class(message, screen, stacktrace)\n"}, "start": 1753491093462, "stop": 1753491093485}], "start": 1753491071159, "stop": 1753491093571, "uuid": "3b47f351-4eb7-4a0c-a949-9716187d1dce", "historyId": "e2857e20d66126b2f01d0bd06b0a33cf", "fullName": "User Registration: # Enter the user details to get registered", "labels": [{"name": "severity", "value": "normal"}, {"name": "tag", "value": "smoke"}, {"name": "feature", "value": "User Registration"}, {"name": "framework", "value": "behave"}, {"name": "language", "value": "cpython3"}]}